07 dec 2016, 11:51:18.873 [   INFO] [   FXGL.SystemLogger] [                     main] System Logger is initialized
07 dec 2016, 11:51:18.886 [  FINER] [   FXGL.SystemLogger] [                     main] Logging System Info
07 dec 2016, 11:51:18.886 [  FINER] [   FXGL.SystemLogger] [                     main] CPU cores: 4
07 dec 2016, 11:51:18.887 [  FINER] [   FXGL.SystemLogger] [                     main] Free Memory: 111MB
07 dec 2016, 11:51:18.888 [  FINER] [   FXGL.SystemLogger] [                     main] Max Memory: 1814MB
07 dec 2016, 11:51:18.888 [  FINER] [   FXGL.SystemLogger] [                     main] Total Memory: 123MB
07 dec 2016, 11:51:18.889 [  FINER] [   FXGL.SystemLogger] [                     main] System Properties:
07 dec 2016, 11:51:18.890 [  FINER] [   FXGL.SystemLogger] [                     main] sun.cpu.isalist=amd64
07 dec 2016, 11:51:18.890 [  FINER] [   FXGL.SystemLogger] [                     main] sun.desktop=windows
07 dec 2016, 11:51:18.891 [  FINER] [   FXGL.SystemLogger] [                     main] sun.io.unicode.encoding=UnicodeLittle
07 dec 2016, 11:51:18.891 [  FINER] [   FXGL.SystemLogger] [                     main] sun.cpu.endian=little
07 dec 2016, 11:51:18.891 [  FINER] [   FXGL.SystemLogger] [                     main] java.vendor.url.bug=http://bugreport.sun.com/bugreport/
07 dec 2016, 11:51:18.891 [  FINER] [   FXGL.SystemLogger] [                     main] file.separator=\
07 dec 2016, 11:51:18.892 [  FINER] [   FXGL.SystemLogger] [                     main] java.vendor=Oracle Corporation
07 dec 2016, 11:51:18.892 [  FINER] [   FXGL.SystemLogger] [                     main] sun.boot.class.path=C:\Program Files\Java\jdk1.8.0_66\jre\lib\resources.jar;C:\Program Files\Java\jdk1.8.0_66\jre\lib\rt.jar;C:\Program Files\Java\jdk1.8.0_66\jre\lib\sunrsasign.jar;C:\Program Files\Java\jdk1.8.0_66\jre\lib\jsse.jar;C:\Program Files\Java\jdk1.8.0_66\jre\lib\jce.jar;C:\Program Files\Java\jdk1.8.0_66\jre\lib\charsets.jar;C:\Program Files\Java\jdk1.8.0_66\jre\lib\jfr.jar;C:\Program Files\Java\jdk1.8.0_66\jre\classes
07 dec 2016, 11:51:18.892 [  FINER] [   FXGL.SystemLogger] [                     main] java.ext.dirs=C:\Program Files\Java\jdk1.8.0_66\jre\lib\ext;C:\Windows\Sun\Java\lib\ext
07 dec 2016, 11:51:18.893 [  FINER] [   FXGL.SystemLogger] [                     main] java.version=1.8.0_66-ea
07 dec 2016, 11:51:18.893 [  FINER] [   FXGL.SystemLogger] [                     main] java.vm.info=mixed mode
07 dec 2016, 11:51:18.893 [  FINER] [   FXGL.SystemLogger] [                     main] awt.toolkit=sun.awt.windows.WToolkit
07 dec 2016, 11:51:18.894 [  FINER] [   FXGL.SystemLogger] [                     main] user.language.format=sv
07 dec 2016, 11:51:18.894 [  FINER] [   FXGL.SystemLogger] [                     main] user.language=en
07 dec 2016, 11:51:18.894 [  FINER] [   FXGL.SystemLogger] [                     main] java.specification.vendor=Oracle Corporation
07 dec 2016, 11:51:18.894 [  FINER] [   FXGL.SystemLogger] [                     main] sun.java.command=org.eclipse.jdt.internal.junit.runner.RemoteTestRunner -version 3 -port 52787 -testLoaderClass org.eclipse.jdt.internal.junit4.runner.JUnit4TestLoader -loaderpluginname org.eclipse.jdt.junit4.runtime -classNames com.game.robert.TeknikFordjupning.MazeGameTest
07 dec 2016, 11:51:18.895 [  FINER] [   FXGL.SystemLogger] [                     main] java.home=C:\Program Files\Java\jdk1.8.0_66\jre
07 dec 2016, 11:51:18.895 [  FINER] [   FXGL.SystemLogger] [                     main] sun.arch.data.model=64
07 dec 2016, 11:51:18.895 [  FINER] [   FXGL.SystemLogger] [                     main] java.vm.specification.version=1.8
07 dec 2016, 11:51:18.896 [  FINER] [   FXGL.SystemLogger] [                     main] java.class.path=C:\Users\pepsi\git\TeknikFordjupning\TeknikFordjupning\target\test-classes;C:\Users\pepsi\git\TeknikFordjupning\TeknikFordjupning\target\classes;C:\Eclipse\plugins\org.junit_4.12.0.v201504281640\junit.jar;C:\Eclipse\plugins\org.hamcrest.core_1.3.0.v201303031735.jar;C:\Users\pepsi\.m2\repository\junit\junit\3.8.1\junit-3.8.1.jar;C:\Users\pepsi\.m2\repository\com\github\AlmasB\FXGL\0.2.8\FXGL-0.2.8.jar;C:\Users\pepsi\.m2\repository\org\jetbrains\kotlin\kotlin-stdlib\1.0.3\kotlin-stdlib-1.0.3.jar;C:\Users\pepsi\.m2\repository\org\jetbrains\kotlin\kotlin-runtime\1.0.3\kotlin-runtime-1.0.3.jar;C:\Users\pepsi\.m2\repository\com\google\inject\guice\4.0\guice-4.0.jar;C:\Users\pepsi\.m2\repository\javax\inject\javax.inject\1\javax.inject-1.jar;C:\Users\pepsi\.m2\repository\aopalliance\aopalliance\1.0\aopalliance-1.0.jar;C:\Users\pepsi\.m2\repository\com\google\guava\guava\16.0.1\guava-16.0.1.jar;C:\Users\pepsi\.m2\repository\org\jfxtras\jfxtras-window\8.0-r4\jfxtras-window-8.0-r4.jar;C:\Users\pepsi\.m2\repository\org\jfxtras\jfxtras-common\8.0-r4\jfxtras-common-8.0-r4.jar;C:\Users\pepsi\.m2\repository\org\controlsfx\controlsfx\8.40.10\controlsfx-8.40.10.jar;C:\Users\pepsi\.m2\repository\com\github\AlmasB\FXEventBus\1.0\FXEventBus-1.0.jar;C:\Users\pepsi\.m2\repository\com\github\AlmasB\Ents\1.1.1\Ents-1.1.1.jar;C:\Users\pepsi\.m2\repository\com\github\AlmasB\GameUtils\0.0.3\GameUtils-0.0.3.jar;C:\Users\pepsi\.m2\repository\com\github\AlmasB\jbox2d\2.3.2-fxgl\jbox2d-2.3.2-fxgl.jar;C:\Users\pepsi\.m2\repository\com\github\AlmasB\AStar\1.0\AStar-1.0.jar;C:\Users\pepsi\.m2\repository\com\github\AlmasB\EasyIO\0.1.6\EasyIO-0.1.6.jar;C:\Users\pepsi\.m2\repository\org\apache\logging\log4j\log4j-api\2.5\log4j-api-2.5.jar;C:\Users\pepsi\.m2\repository\org\apache\logging\log4j\log4j-core\2.5\log4j-core-2.5.jar;C:\Users\pepsi\.m2\repository\com\github\AlmasB\gdx-ai\1.8.2-fxgl\gdx-ai-1.8.2-fxgl.jar;/C:/Eclipse/configuration/org.eclipse.osgi/216/0/.cp/;/C:/Eclipse/configuration/org.eclipse.osgi/215/0/.cp/
07 dec 2016, 11:51:18.896 [  FINER] [   FXGL.SystemLogger] [                     main] user.name=pepsi
07 dec 2016, 11:51:18.896 [  FINER] [   FXGL.SystemLogger] [                     main] file.encoding=UTF-8
07 dec 2016, 11:51:18.897 [  FINER] [   FXGL.SystemLogger] [                     main] java.specification.version=1.8
07 dec 2016, 11:51:18.897 [  FINER] [   FXGL.SystemLogger] [                     main] java.awt.printerjob=sun.awt.windows.WPrinterJob
07 dec 2016, 11:51:18.897 [  FINER] [   FXGL.SystemLogger] [                     main] user.timezone=Europe/Berlin
07 dec 2016, 11:51:18.898 [  FINER] [   FXGL.SystemLogger] [                     main] user.home=C:\Users\pepsi
07 dec 2016, 11:51:18.898 [  FINER] [   FXGL.SystemLogger] [                     main] os.version=6.1
07 dec 2016, 11:51:18.898 [  FINER] [   FXGL.SystemLogger] [                     main] sun.management.compiler=HotSpot 64-Bit Tiered Compilers
07 dec 2016, 11:51:18.898 [  FINER] [   FXGL.SystemLogger] [                     main] java.specification.name=Java Platform API Specification
07 dec 2016, 11:51:18.899 [  FINER] [   FXGL.SystemLogger] [                     main] java.class.version=52.0
07 dec 2016, 11:51:18.899 [  FINER] [   FXGL.SystemLogger] [                     main] java.library.path=C:\Program Files\Java\jdk1.8.0_66\bin;C:\Windows\Sun\Java\bin;C:\Windows\system32;C:\Windows;C:/Program Files/Java/jre1.8.0_111/bin/server;C:/Program Files/Java/jre1.8.0_111/bin;C:/Program Files/Java/jre1.8.0_111/lib/amd64;C:\ProgramData\Oracle\Java\javapath;C:\Program Files (x86)\AMD APP\bin\x86_64;C:\Program Files (x86)\AMD APP\bin\x86;C:\Windows\system32;C:\Windows;C:\Windows\System32\Wbem;C:\Windows\System32\WindowsPowerShell\v1.0\;C:\Program Files (x86)\ATI Technologies\ATI.ACE\Core-Static;C:\Program Files\Microsoft SQL Server\110\Tools\Binn\;C:\Program Files\Microsoft SQL Server\120\Tools\Binn\;C:\Program Files (x86)\NVIDIA Corporation\PhysX\Common;C:\Program Files (x86)\Skype\Phone\;C:\Program Files\Javajdk1.8.0_60\bin;C:\Program Files\Java\apache-maven-3.3.9\bin;C:\Program Files\Java\jdk1.7.0_79\bin\;C:\Eclipse;;.
07 dec 2016, 11:51:18.899 [  FINER] [   FXGL.SystemLogger] [                     main] sun.jnu.encoding=Cp1252
07 dec 2016, 11:51:18.899 [  FINER] [   FXGL.SystemLogger] [                     main] os.name=Windows 7
07 dec 2016, 11:51:18.900 [  FINER] [   FXGL.SystemLogger] [                     main] user.variant=
07 dec 2016, 11:51:18.900 [  FINER] [   FXGL.SystemLogger] [                     main] java.vm.specification.vendor=Oracle Corporation
07 dec 2016, 11:51:18.900 [  FINER] [   FXGL.SystemLogger] [                     main] java.io.tmpdir=C:\Users\pepsi\AppData\Local\Temp\
07 dec 2016, 11:51:18.900 [  FINER] [   FXGL.SystemLogger] [                     main] line.separator=

07 dec 2016, 11:51:18.901 [  FINER] [   FXGL.SystemLogger] [                     main] java.endorsed.dirs=C:\Program Files\Java\jdk1.8.0_66\jre\lib\endorsed
07 dec 2016, 11:51:18.901 [  FINER] [   FXGL.SystemLogger] [                     main] os.arch=amd64
07 dec 2016, 11:51:18.901 [  FINER] [   FXGL.SystemLogger] [                     main] java.awt.graphicsenv=sun.awt.Win32GraphicsEnvironment
07 dec 2016, 11:51:18.901 [  FINER] [   FXGL.SystemLogger] [                     main] java.runtime.version=1.8.0_66-ea-b02
07 dec 2016, 11:51:18.902 [  FINER] [   FXGL.SystemLogger] [                     main] java.vm.specification.name=Java Virtual Machine Specification
07 dec 2016, 11:51:18.902 [  FINER] [   FXGL.SystemLogger] [                     main] user.dir=C:\Users\pepsi\git\TeknikFordjupning\TeknikFordjupning
07 dec 2016, 11:51:18.902 [  FINER] [   FXGL.SystemLogger] [                     main] user.country=US
07 dec 2016, 11:51:18.902 [  FINER] [   FXGL.SystemLogger] [                     main] user.script=
07 dec 2016, 11:51:18.903 [  FINER] [   FXGL.SystemLogger] [                     main] sun.java.launcher=SUN_STANDARD
07 dec 2016, 11:51:18.903 [  FINER] [   FXGL.SystemLogger] [                     main] sun.os.patch.level=Service Pack 1
07 dec 2016, 11:51:18.903 [  FINER] [   FXGL.SystemLogger] [                     main] java.vm.name=Java HotSpot(TM) 64-Bit Server VM
07 dec 2016, 11:51:18.903 [  FINER] [   FXGL.SystemLogger] [                     main] file.encoding.pkg=sun.io
07 dec 2016, 11:51:18.903 [  FINER] [   FXGL.SystemLogger] [                     main] path.separator=;
07 dec 2016, 11:51:18.904 [  FINER] [   FXGL.SystemLogger] [                     main] java.vm.vendor=Oracle Corporation
07 dec 2016, 11:51:18.904 [  FINER] [   FXGL.SystemLogger] [                     main] java.vendor.url=http://java.oracle.com/
07 dec 2016, 11:51:18.904 [  FINER] [   FXGL.SystemLogger] [                     main] user.country.format=SE
07 dec 2016, 11:51:18.904 [  FINER] [   FXGL.SystemLogger] [                     main] sun.boot.library.path=C:\Program Files\Java\jdk1.8.0_66\jre\bin
07 dec 2016, 11:51:18.905 [  FINER] [   FXGL.SystemLogger] [                     main] java.vm.version=25.66-b02
07 dec 2016, 11:51:18.905 [  FINER] [   FXGL.SystemLogger] [                     main] java.runtime.name=Java(TM) SE Runtime Environment
07 dec 2016, 11:51:18.909 [   INFO] [   FXGL.SystemLogger] [                     main] FXGL-0.2.8
07 dec 2016, 11:51:18.910 [   INFO] [   FXGL.SystemLogger] [                     main] Source code and latest versions at: https://github.com/AlmasB/FXGL
07 dec 2016, 11:51:18.910 [   INFO] [   FXGL.SystemLogger] [                     main]              Join the FXGL chat at: https://gitter.im/AlmasB/FXGL
07 dec 2016, 11:51:18.912 [  FINER] [   FXGL.SystemLogger] [                     main] Starting JavaFX
07 dec 2016, 11:51:18.917 [  FINER] [   FXGL.SystemLogger] [                     main] Starting JavaFX
