07 dec 2016, 11:26:42.317 [   INFO] [   FXGL.SystemLogger] [JavaFX Application Thread] System Logger is initialized
07 dec 2016, 11:26:42.323 [  FINER] [   FXGL.SystemLogger] [JavaFX Application Thread] Logging System Info
07 dec 2016, 11:26:42.324 [  FINER] [   FXGL.SystemLogger] [JavaFX Application Thread] CPU cores: 4
07 dec 2016, 11:26:42.326 [  FINER] [   FXGL.SystemLogger] [JavaFX Application Thread] Free Memory: 107MB
07 dec 2016, 11:26:42.327 [  FINER] [   FXGL.SystemLogger] [JavaFX Application Thread] Max Memory: 1814MB
07 dec 2016, 11:26:42.327 [  FINER] [   FXGL.SystemLogger] [JavaFX Application Thread] Total Memory: 123MB
07 dec 2016, 11:26:42.327 [  FINER] [   FXGL.SystemLogger] [JavaFX Application Thread] System Properties:
07 dec 2016, 11:26:42.329 [  FINER] [   FXGL.SystemLogger] [JavaFX Application Thread] sun.cpu.isalist=amd64
07 dec 2016, 11:26:42.329 [  FINER] [   FXGL.SystemLogger] [JavaFX Application Thread] sun.desktop=windows
07 dec 2016, 11:26:42.329 [  FINER] [   FXGL.SystemLogger] [JavaFX Application Thread] sun.io.unicode.encoding=UnicodeLittle
07 dec 2016, 11:26:42.330 [  FINER] [   FXGL.SystemLogger] [JavaFX Application Thread] sun.cpu.endian=little
07 dec 2016, 11:26:42.330 [  FINER] [   FXGL.SystemLogger] [JavaFX Application Thread] java.vendor.url.bug=http://bugreport.sun.com/bugreport/
07 dec 2016, 11:26:42.330 [  FINER] [   FXGL.SystemLogger] [JavaFX Application Thread] file.separator=\
07 dec 2016, 11:26:42.330 [  FINER] [   FXGL.SystemLogger] [JavaFX Application Thread] java.vendor=Oracle Corporation
07 dec 2016, 11:26:42.331 [  FINER] [   FXGL.SystemLogger] [JavaFX Application Thread] sun.boot.class.path=C:\Program Files\Java\jdk1.8.0_66\jre\lib\resources.jar;C:\Program Files\Java\jdk1.8.0_66\jre\lib\rt.jar;C:\Program Files\Java\jdk1.8.0_66\jre\lib\sunrsasign.jar;C:\Program Files\Java\jdk1.8.0_66\jre\lib\jsse.jar;C:\Program Files\Java\jdk1.8.0_66\jre\lib\jce.jar;C:\Program Files\Java\jdk1.8.0_66\jre\lib\charsets.jar;C:\Program Files\Java\jdk1.8.0_66\jre\lib\jfr.jar;C:\Program Files\Java\jdk1.8.0_66\jre\classes
07 dec 2016, 11:26:42.331 [  FINER] [   FXGL.SystemLogger] [JavaFX Application Thread] java.ext.dirs=C:\Program Files\Java\jdk1.8.0_66\jre\lib\ext;C:\Windows\Sun\Java\lib\ext
07 dec 2016, 11:26:42.332 [  FINER] [   FXGL.SystemLogger] [JavaFX Application Thread] java.version=1.8.0_66-ea
07 dec 2016, 11:26:42.332 [  FINER] [   FXGL.SystemLogger] [JavaFX Application Thread] java.vm.info=mixed mode
07 dec 2016, 11:26:42.332 [  FINER] [   FXGL.SystemLogger] [JavaFX Application Thread] awt.toolkit=sun.awt.windows.WToolkit
07 dec 2016, 11:26:42.332 [  FINER] [   FXGL.SystemLogger] [JavaFX Application Thread] user.language.format=sv
07 dec 2016, 11:26:42.333 [  FINER] [   FXGL.SystemLogger] [JavaFX Application Thread] user.language=en
07 dec 2016, 11:26:42.333 [  FINER] [   FXGL.SystemLogger] [JavaFX Application Thread] java.specification.vendor=Oracle Corporation
07 dec 2016, 11:26:42.333 [  FINER] [   FXGL.SystemLogger] [JavaFX Application Thread] sun.java.command=com.game.robert.TeknikFordjupning.MazeGame
07 dec 2016, 11:26:42.333 [  FINER] [   FXGL.SystemLogger] [JavaFX Application Thread] java.home=C:\Program Files\Java\jdk1.8.0_66\jre
07 dec 2016, 11:26:42.334 [  FINER] [   FXGL.SystemLogger] [JavaFX Application Thread] sun.arch.data.model=64
07 dec 2016, 11:26:42.334 [  FINER] [   FXGL.SystemLogger] [JavaFX Application Thread] java.vm.specification.version=1.8
07 dec 2016, 11:26:42.334 [  FINER] [   FXGL.SystemLogger] [JavaFX Application Thread] java.class.path=C:\Users\pepsi\git\TeknikFordjupning\TeknikFordjupning\target\classes;C:\Users\pepsi\.m2\repository\com\github\AlmasB\FXGL\0.2.8\FXGL-0.2.8.jar;C:\Users\pepsi\.m2\repository\org\jetbrains\kotlin\kotlin-stdlib\1.0.3\kotlin-stdlib-1.0.3.jar;C:\Users\pepsi\.m2\repository\org\jetbrains\kotlin\kotlin-runtime\1.0.3\kotlin-runtime-1.0.3.jar;C:\Users\pepsi\.m2\repository\com\google\inject\guice\4.0\guice-4.0.jar;C:\Users\pepsi\.m2\repository\javax\inject\javax.inject\1\javax.inject-1.jar;C:\Users\pepsi\.m2\repository\aopalliance\aopalliance\1.0\aopalliance-1.0.jar;C:\Users\pepsi\.m2\repository\com\google\guava\guava\16.0.1\guava-16.0.1.jar;C:\Users\pepsi\.m2\repository\org\jfxtras\jfxtras-window\8.0-r4\jfxtras-window-8.0-r4.jar;C:\Users\pepsi\.m2\repository\org\jfxtras\jfxtras-common\8.0-r4\jfxtras-common-8.0-r4.jar;C:\Users\pepsi\.m2\repository\org\controlsfx\controlsfx\8.40.10\controlsfx-8.40.10.jar;C:\Users\pepsi\.m2\repository\com\github\AlmasB\FXEventBus\1.0\FXEventBus-1.0.jar;C:\Users\pepsi\.m2\repository\com\github\AlmasB\Ents\1.1.1\Ents-1.1.1.jar;C:\Users\pepsi\.m2\repository\com\github\AlmasB\GameUtils\0.0.3\GameUtils-0.0.3.jar;C:\Users\pepsi\.m2\repository\com\github\AlmasB\jbox2d\2.3.2-fxgl\jbox2d-2.3.2-fxgl.jar;C:\Users\pepsi\.m2\repository\com\github\AlmasB\AStar\1.0\AStar-1.0.jar;C:\Users\pepsi\.m2\repository\com\github\AlmasB\EasyIO\0.1.6\EasyIO-0.1.6.jar;C:\Users\pepsi\.m2\repository\org\apache\logging\log4j\log4j-api\2.5\log4j-api-2.5.jar;C:\Users\pepsi\.m2\repository\org\apache\logging\log4j\log4j-core\2.5\log4j-core-2.5.jar;C:\Users\pepsi\.m2\repository\com\github\AlmasB\gdx-ai\1.8.2-fxgl\gdx-ai-1.8.2-fxgl.jar
07 dec 2016, 11:26:42.335 [  FINER] [   FXGL.SystemLogger] [JavaFX Application Thread] user.name=pepsi
07 dec 2016, 11:26:42.335 [  FINER] [   FXGL.SystemLogger] [JavaFX Application Thread] file.encoding=UTF-8
07 dec 2016, 11:26:42.335 [  FINER] [   FXGL.SystemLogger] [JavaFX Application Thread] java.specification.version=1.8
07 dec 2016, 11:26:42.335 [  FINER] [   FXGL.SystemLogger] [JavaFX Application Thread] java.awt.printerjob=sun.awt.windows.WPrinterJob
07 dec 2016, 11:26:42.336 [  FINER] [   FXGL.SystemLogger] [JavaFX Application Thread] user.timezone=Europe/Berlin
07 dec 2016, 11:26:42.336 [  FINER] [   FXGL.SystemLogger] [JavaFX Application Thread] user.home=C:\Users\pepsi
07 dec 2016, 11:26:42.336 [  FINER] [   FXGL.SystemLogger] [JavaFX Application Thread] os.version=6.1
07 dec 2016, 11:26:42.336 [  FINER] [   FXGL.SystemLogger] [JavaFX Application Thread] sun.management.compiler=HotSpot 64-Bit Tiered Compilers
07 dec 2016, 11:26:42.336 [  FINER] [   FXGL.SystemLogger] [JavaFX Application Thread] java.specification.name=Java Platform API Specification
07 dec 2016, 11:26:42.337 [  FINER] [   FXGL.SystemLogger] [JavaFX Application Thread] java.class.version=52.0
07 dec 2016, 11:26:42.337 [  FINER] [   FXGL.SystemLogger] [JavaFX Application Thread] java.library.path=C:\Program Files\Java\jdk1.8.0_66\bin;C:\Windows\Sun\Java\bin;C:\Windows\system32;C:\Windows;C:/Program Files/Java/jre1.8.0_111/bin/server;C:/Program Files/Java/jre1.8.0_111/bin;C:/Program Files/Java/jre1.8.0_111/lib/amd64;C:\ProgramData\Oracle\Java\javapath;C:\Program Files (x86)\AMD APP\bin\x86_64;C:\Program Files (x86)\AMD APP\bin\x86;C:\Windows\system32;C:\Windows;C:\Windows\System32\Wbem;C:\Windows\System32\WindowsPowerShell\v1.0\;C:\Program Files (x86)\ATI Technologies\ATI.ACE\Core-Static;C:\Program Files\Microsoft SQL Server\110\Tools\Binn\;C:\Program Files\Microsoft SQL Server\120\Tools\Binn\;C:\Program Files (x86)\NVIDIA Corporation\PhysX\Common;C:\Program Files (x86)\Skype\Phone\;C:\Program Files\Javajdk1.8.0_60\bin;C:\Program Files\Java\apache-maven-3.3.9\bin;C:\Program Files\Java\jdk1.7.0_79\bin\;C:\Eclipse;;.
07 dec 2016, 11:26:42.337 [  FINER] [   FXGL.SystemLogger] [JavaFX Application Thread] sun.jnu.encoding=Cp1252
07 dec 2016, 11:26:42.337 [  FINER] [   FXGL.SystemLogger] [JavaFX Application Thread] os.name=Windows 7
07 dec 2016, 11:26:42.338 [  FINER] [   FXGL.SystemLogger] [JavaFX Application Thread] user.variant=
07 dec 2016, 11:26:42.338 [  FINER] [   FXGL.SystemLogger] [JavaFX Application Thread] java.vm.specification.vendor=Oracle Corporation
07 dec 2016, 11:26:42.338 [  FINER] [   FXGL.SystemLogger] [JavaFX Application Thread] java.io.tmpdir=C:\Users\pepsi\AppData\Local\Temp\
07 dec 2016, 11:26:42.338 [  FINER] [   FXGL.SystemLogger] [JavaFX Application Thread] line.separator=

07 dec 2016, 11:26:42.339 [  FINER] [   FXGL.SystemLogger] [JavaFX Application Thread] java.endorsed.dirs=C:\Program Files\Java\jdk1.8.0_66\jre\lib\endorsed
07 dec 2016, 11:26:42.339 [  FINER] [   FXGL.SystemLogger] [JavaFX Application Thread] os.arch=amd64
07 dec 2016, 11:26:42.339 [  FINER] [   FXGL.SystemLogger] [JavaFX Application Thread] javafx.runtime.version=8.0.66-ea-b02
07 dec 2016, 11:26:42.339 [  FINER] [   FXGL.SystemLogger] [JavaFX Application Thread] java.awt.graphicsenv=sun.awt.Win32GraphicsEnvironment
07 dec 2016, 11:26:42.340 [  FINER] [   FXGL.SystemLogger] [JavaFX Application Thread] java.runtime.version=1.8.0_66-ea-b02
07 dec 2016, 11:26:42.340 [  FINER] [   FXGL.SystemLogger] [JavaFX Application Thread] java.vm.specification.name=Java Virtual Machine Specification
07 dec 2016, 11:26:42.340 [  FINER] [   FXGL.SystemLogger] [JavaFX Application Thread] user.dir=C:\Users\pepsi\git\TeknikFordjupning\TeknikFordjupning
07 dec 2016, 11:26:42.340 [  FINER] [   FXGL.SystemLogger] [JavaFX Application Thread] user.country=US
07 dec 2016, 11:26:42.341 [  FINER] [   FXGL.SystemLogger] [JavaFX Application Thread] user.script=
07 dec 2016, 11:26:42.341 [  FINER] [   FXGL.SystemLogger] [JavaFX Application Thread] sun.java.launcher=SUN_STANDARD
07 dec 2016, 11:26:42.341 [  FINER] [   FXGL.SystemLogger] [JavaFX Application Thread] sun.os.patch.level=Service Pack 1
07 dec 2016, 11:26:42.341 [  FINER] [   FXGL.SystemLogger] [JavaFX Application Thread] java.vm.name=Java HotSpot(TM) 64-Bit Server VM
07 dec 2016, 11:26:42.342 [  FINER] [   FXGL.SystemLogger] [JavaFX Application Thread] file.encoding.pkg=sun.io
07 dec 2016, 11:26:42.342 [  FINER] [   FXGL.SystemLogger] [JavaFX Application Thread] path.separator=;
07 dec 2016, 11:26:42.342 [  FINER] [   FXGL.SystemLogger] [JavaFX Application Thread] java.vm.vendor=Oracle Corporation
07 dec 2016, 11:26:42.342 [  FINER] [   FXGL.SystemLogger] [JavaFX Application Thread] java.vendor.url=http://java.oracle.com/
07 dec 2016, 11:26:42.343 [  FINER] [   FXGL.SystemLogger] [JavaFX Application Thread] user.country.format=SE
07 dec 2016, 11:26:42.343 [  FINER] [   FXGL.SystemLogger] [JavaFX Application Thread] sun.boot.library.path=C:\Program Files\Java\jdk1.8.0_66\jre\bin
07 dec 2016, 11:26:42.343 [  FINER] [   FXGL.SystemLogger] [JavaFX Application Thread] java.vm.version=25.66-b02
07 dec 2016, 11:26:42.343 [  FINER] [   FXGL.SystemLogger] [JavaFX Application Thread] java.runtime.name=Java(TM) SE Runtime Environment
07 dec 2016, 11:26:42.344 [  FINER] [   FXGL.SystemLogger] [JavaFX Application Thread] javafx.version=8.0.66-ea
07 dec 2016, 11:26:42.351 [   INFO] [   FXGL.SystemLogger] [JavaFX Application Thread] FXGL-0.2.8
07 dec 2016, 11:26:42.352 [   INFO] [   FXGL.SystemLogger] [JavaFX Application Thread] Source code and latest versions at: https://github.com/AlmasB/FXGL
07 dec 2016, 11:26:42.352 [   INFO] [   FXGL.SystemLogger] [JavaFX Application Thread]              Join the FXGL chat at: https://gitter.im/AlmasB/FXGL
